This is pdfTeX, Version 3.1415926-2.3-1.40.12 (Web2C 2011) (format=p-latex 2011.7.10)  24 JUL 2016 11:03
entering extended mode
 \write18 enabled.
 Source specials enabled.
 file:line:error style messages enabled.
 %&-line parsing enabled.
**\input template.tex
(./template.tex (./BITthesis.cls
Document Class: BITthesis 2011/04/06 v0.2 BITthesis document class
(d:/Programs/mtex/texinput/ctex/ctexbook.cls
Document Class: ctexbook 2011/03/11 v1.02c ctexbook document class
(d:/Programs/mtex/texinput/ctex/ctex-common-opts.def) (d:/Programs/mtex/texinpu
t/ctex/ctex-caption-opts.def
\c@CTEX@sectiondepth=\count79
) (d:/Programs/mtex/texinput/ctex/ctex-class-opts.def) (d:/Programs/mtex/texinp
ut/ctex/ctex-loadclass.def (d:/Programs/mtex/texinput/base/book.cls
Document Class: book 2007/10/19 v1.4h Standard LaTeX document class
(d:/Programs/mtex/texinput/base/bk12.clo
File: bk12.clo 2007/10/19 v1.4h Standard LaTeX file (size option)
)
\c@part=\count80
\c@chapter=\count81
\c@section=\count82
\c@subsection=\count83
\c@subsubsection=\count84
\c@paragraph=\count85
\c@subparagraph=\count86
\c@figure=\count87
\c@table=\count88
\abovecaptionskip=\skip41
\belowcaptionskip=\skip42
\bibindent=\dimen102
)) (d:/Programs/mtex/texinput/ctex/ctex-common.def (d:/Programs/mtex/texinput/o
berdiek/ifpdf.sty
Package: ifpdf 2010/01/28 v2.1 Provides the ifpdf switch (HO)
Package ifpdf Info: pdfTeX in pdf mode detected.
) (d:/Programs/mtex/texinput/ifxetex/ifxetex.sty
Package: ifxetex 2009/01/23 v0.5 Provides ifxetex conditional
) (d:/Programs/mtex/texinput/graphics/keyval.sty
Package: keyval 1999/03/16 v1.13 key=value parser (DPC)
\KV@toks@=\toks14
) (d:/Programs/mtex/texinput/tools/indentfirst.sty
Package: indentfirst 1995/11/23 v1.03 Indent first paragraph (DPC)
) (d:/Programs/mtex/texinput/base/fix-cm.sty
Package: fix-cm 2006/09/13 v1.1m fixes to LaTeX
(d:/Programs/mtex/texinput/base/ts1enc.def
File: ts1enc.def 2001/06/05 v3.0e (jk/car/fm) Standard LaTeX file
)) (d:/Programs/mtex/texlocal/fancyhdr/fancyhdr.sty
\fancy@headwidth=\skip43
\f@ncyO@elh=\skip44
\f@ncyO@erh=\skip45
\f@ncyO@olh=\skip46
\f@ncyO@orh=\skip47
\f@ncyO@elf=\skip48
\f@ncyO@erf=\skip49
\f@ncyO@olf=\skip50
\f@ncyO@orf=\skip51
) (d:/Programs/mtex/texinput/ctex/ctex-cjk-engine.def (d:/Programs/mtex/texinpu
t/cjk/CJK.sty
Package: CJK 2008/08/10 4.8.1
(d:/Programs/mtex/texinput/cjk/mule/MULEenc.sty
Package: MULEenc 2008/08/10 4.8.1
) (d:/Programs/mtex/texinput/cjk/CJK.enc
File: CJK.enc 2008/08/10 4.8.1
)
LaTeX Info: Redefining \selectfont on input line 748.
\CJK@indent=\box26
) (d:/Programs/mtex/texinput/CJKpunct/CJKpunct.sty
Package: CJKpunct 2009/05/06 4.8.2
\CJKpunct@cnta=\count89
\CJKpunct@cntb=\count90
\CJKpunct@cntc=\count91
\CJKpunct@cntd=\count92
\CJKpunct@cnte=\count93
(d:/Programs/mtex/texinput/CJKpunct/tex/latex/CJK/CJKpunct/CJKpunct.spa)) (d:/P
rograms/mtex/texinput/ctex/ctex-cjk-common.def (d:/Programs/mtex/texinput/cjk/C
JKfntef.sty
Package: CJKfntef 2008/08/10 4.8.1
(d:/Programs/mtex/texinput/cjk/CJKulem.sty
Package: CJKulem 2008/08/10 4.8.1
(d:/Programs/mtex/texinput/ltxmisc/ulem.sty
\UL@box=\box27
\UL@hyphenbox=\box28
\UL@skip=\skip52
\UL@hook=\toks15
\UL@pe=\count94
\UL@pixel=\dimen103
\ULC@box=\box29
Package: ulem 2000/05/26
\ULdepth=\dimen104
)
\UL@lastkern=\dimen105
\CJK@skip=\skip53
)
\CJK@fntefSkip=\skip54
\CJK@nest=\count95
\CJK@fntefDimen=\dimen106
\CJK@underdotBox=\box30
\CJK@ULbox=\box31
)
\ccwd=\dimen107
) (d:/Programs/mtex/texinput/ctex/ctex-cjk-winfonts.def (d:/Programs/mtex/texin
put/zhmetrics/zhwinfonts.tex (d:/Programs/mtex/texinput/oberdiek/ifpdf.sty
Package ifpdf Info: The package is already loaded, stopped on input line 24.
){d:/Programs/mtex/etc/pdftex.map}{UGBK.sfd}{Unicode.sfd})))
\CTEX@q=\count96
\CTEX@r=\count97
) (d:/Programs/mtex/texinput/ctex/ctex-caption.def) (d:/Programs/mtex/texinput/
ctex/ctex-class.def) (d:/Programs/mtex/texinput/ctex/ctex-book.def)) (d:/Progra
ms/mtex/texinput/ctex/ctex-gbk.def) (d:/Programs/mtex/texinput/ctex/ctexcap.cfg
(d:/Programs/mtex/texinput/ctex/ctexcap-gbk.cfg)) (d:/Programs/mtex/texinput/ct
ex/ctex.cfg) (d:/Programs/mtex/texinput/amscls/amsmath.sty
Package: amsmath 2000/07/18 v2.13 AMS math features
\@mathmargin=\skip55
For additional information on amsmath, use the `?' option.
(d:/Programs/mtex/texinput/amscls/amstext.sty
Package: amstext 2000/06/29 v2.01
(d:/Programs/mtex/texinput/amscls/amsgen.sty
File: amsgen.sty 1999/11/30 v2.0
\@emptytoks=\toks16
\ex@=\dimen108
)) (d:/Programs/mtex/texinput/amscls/amsbsy.sty
Package: amsbsy 1999/11/29 v1.2d
\pmbraise@=\dimen109
) (d:/Programs/mtex/texinput/amscls/amsopn.sty
Package: amsopn 1999/12/14 v2.01 operator names
)
\inf@bad=\count98
LaTeX Info: Redefining \frac on input line 164.
\uproot@=\count99
\leftroot@=\count100
LaTeX Info: Redefining \overline on input line 260.
\classnum@=\count101
\DOTSCASE@=\count102
LaTeX Info: Redefining \ldots on input line 332.
LaTeX Info: Redefining \dots on input line 335.
LaTeX Info: Redefining \cdots on input line 420.
\Mathstrutbox@=\box32
\strutbox@=\box33
\big@size=\dimen110
LaTeX Font Info:    Redeclaring font encoding OML on input line 520.
LaTeX Font Info:    Redeclaring font encoding OMS on input line 521.
\macc@depth=\count103
\c@MaxMatrixCols=\count104
\dotsspace@=\muskip10
\c@parentequation=\count105
\dspbrk@lvl=\count106
\tag@help=\toks17
\row@=\count107
\column@=\count108
\maxfields@=\count109
\andhelp@=\toks18
\eqnshift@=\dimen111
\alignsep@=\dimen112
\tagshift@=\dimen113
\tagwidth@=\dimen114
\totwidth@=\dimen115
\lineht@=\dimen116
\@envbody=\toks19
\multlinegap=\skip56
\multlinetaggap=\skip57
\mathdisplay@stack=\toks20
LaTeX Info: Redefining \[ on input line 2617.
LaTeX Info: Redefining \] on input line 2618.
) (d:/Programs/mtex/texinput/amscls/amsthm.sty
Package: amsthm 2004/08/06 v2.20
\thm@style=\toks21
\thm@bodyfont=\toks22
\thm@headfont=\toks23
\thm@notefont=\toks24
\thm@headpunct=\toks25
\thm@preskip=\skip58
\thm@postskip=\skip59
\thm@headsep=\skip60
\dth@everypar=\toks26
) (d:/Programs/mtex/texinput/amsfonts/amsfonts.sty
Package: amsfonts 2009/06/22 v3.00 Basic AMSFonts support
\symAMSa=\mathgroup5
\symAMSb=\mathgroup6
LaTeX Font Info:    Overwriting math alphabet `\mathfrak' in version `bold'
(Font)                  U/euf/m/n --> U/euf/b/n on input line 96.
) (d:/Programs/mtex/texinput/amsfonts/amssymb.sty
Package: amssymb 2009/06/22 v3.00
) (d:/Programs/mtex/texinput/tools/bm.sty
Package: bm 2004/02/26 v1.1c Bold Symbol Support (DPC/FMi)
\symboldoperators=\mathgroup7
\symboldletters=\mathgroup8
\symboldsymbols=\mathgroup9
\symboldlasy=\mathgroup10
LaTeX Font Info:    Redeclaring math alphabet \mathbf on input line 101.
LaTeX Info: Redefining \bm on input line 167.
) (d:/Programs/mtex/texinput/00mtex/graphicx.sty
Package: graphicx 1999/02/16 v1.0f Enhanced LaTeX Graphics (DPC,SPQR)
(d:/Programs/mtex/texinput/00mtex/graphics.sty
Package: graphics 2006/02/20 v1.0o Standard LaTeX Graphics (DPC,SPQR)
(d:/Programs/mtex/texinput/graphics/trig.sty
Package: trig 1999/03/16 v1.09 sin cos tan (DPC)
) (d:/Programs/mtex/texinput/00mtex/graphics.cfg
File: graphics.cfg 2009/07/06 v1.8 graphics configuration of TeX Live
)
Package graphics Info: Driver file: pdftex.def on input line 71.
(d:/Programs/mtex/texinput/00mtex/pdftex.def
File: pdftex.def 2008/09/08 v0.04l Graphics/color for pdfTeX
\Gread@gobject=\count110
) (d:/Programs/mtex/texinput/00mtex/graphics.patch))
\Gin@req@height=\dimen117
\Gin@req@width=\dimen118
) (d:/Programs/mtex/texlocal/natbib/natbib.sty
Package: natbib 2009/11/07 8.31a (PWD, AO)
\bibhang=\skip61
\bibsep=\skip62
LaTeX Info: Redefining \cite on input line 667.
\c@NAT@ctr=\count111
) (d:/Programs/mtex/texinput/hyperref/hyperref.sty
Package: hyperref 2011/02/07 v6.82b Hypertext links for LaTeX
(d:/Programs/mtex/texinput/oberdiek/ltxcmds.sty
Package: ltxcmds 2010/04/26 v1.7 LaTeX kernel commands for general use (HO)
) (d:/Programs/mtex/texinput/oberdiek/pdftexcmds.sty
Package: pdftexcmds 2010/04/01 v0.9 Utility functions of pdfTeX for LuaTeX (HO)

(d:/Programs/mtex/texinput/oberdiek/infwarerr.sty
Package: infwarerr 2010/04/08 v1.3 Providing info/warning/message (HO)
) (d:/Programs/mtex/texinput/oberdiek/ifluatex.sty
Package: ifluatex 2010/03/01 v1.3 Provides the ifluatex switch (HO)
Package ifluatex Info: LuaTeX not detected.
)
Package pdftexcmds Info: LuaTeX not detected.
Package pdftexcmds Info: \pdf@primitive is available.
Package pdftexcmds Info: \pdf@ifprimitive is available.
) (d:/Programs/mtex/texinput/oberdiek/kvsetkeys.sty
Package: kvsetkeys 2010/03/01 v1.9 Key value parser (HO)
(d:/Programs/mtex/texinput/oberdiek/etexcmds.sty
Package: etexcmds 2010/01/28 v1.3 Prefix for e-TeX command names (HO)
Package etexcmds Info: Could not find \expanded.
(etexcmds)             That can mean that you are not using pdfTeX 1.50 or
(etexcmds)             that some package has redefined \expanded.
(etexcmds)             In the latter case, load this package earlier.
)) (d:/Programs/mtex/texinput/oberdiek/pdfescape.sty
Package: pdfescape 2010/03/01 v1.9 Provides hex, PDF name and string conversion
s (HO)
) (d:/Programs/mtex/texinput/oberdiek/ifvtex.sty
Package: ifvtex 2010/03/01 v1.5 Switches for detecting VTeX and its modes (HO)
Package ifvtex Info: VTeX not detected.
) (d:/Programs/mtex/texinput/oberdiek/hycolor.sty
Package: hycolor 2009/12/12 v1.6 Color options of hyperref/bookmark (HO)
(d:/Programs/mtex/texinput/oberdiek/xcolor-patch.sty
Package: xcolor-patch 2009/12/12 xcolor patch
)) (d:/Programs/mtex/texinput/oberdiek/letltxmacro.sty
Package: letltxmacro 2008/06/24 v1.3 Let assignment for LaTeX macros (HO)
) (d:/Programs/mtex/texinput/oberdiek/kvoptions.sty
Package: kvoptions 2010/02/22 v3.7 Keyval support for LaTeX options (HO)
)
\@linkdim=\dimen119
\Hy@linkcounter=\count112
\Hy@pagecounter=\count113
(d:/Programs/mtex/texinput/hyperref/pd1enc.def
File: pd1enc.def 2011/02/07 v6.82b Hyperref: PDFDocEncoding definition (HO)
) (d:/Programs/mtex/texinput/oberdiek/intcalc.sty
Package: intcalc 2007/09/27 v1.1 Expandable integer calculations (HO)
)
\Hy@SavedSpaceFactor=\count114
(d:/Programs/mtex/texinput/00mtex/hyperref.cfg
File: hyperref.cfg 2002/06/06 v1.2 hyperref configuration of TeXLive
)
Package hyperref Info: Hyper figures OFF on input line 4025.
Package hyperref Info: Link nesting OFF on input line 4030.
Package hyperref Info: Hyper index ON on input line 4033.
Package hyperref Info: Plain pages OFF on input line 4040.
Package hyperref Info: Backreferencing OFF on input line 4045.
Package hyperref Info: Implicit mode ON; LaTeX internals redefined.
Package hyperref Info: Bookmarks ON on input line 4263.
\c@Hy@tempcnt=\count115
(d:/Programs/mtex/texinput/ltxmisc/url.sty
\Urlmuskip=\muskip11
Package: url 2006/04/12  ver 3.3  Verb mode for urls, etc.
)
LaTeX Info: Redefining \url on input line 4616.
(d:/Programs/mtex/texinput/oberdiek/bitset.sty
Package: bitset 2007/09/28 v1.0 Data type bit set (HO)
(d:/Programs/mtex/texinput/oberdiek/bigintcalc.sty
Package: bigintcalc 2007/11/11 v1.1 Expandable big integer calculations (HO)
))
\Fld@menulength=\count116
\Field@Width=\dimen120
\Fld@charsize=\dimen121
Package hyperref Info: Hyper figures OFF on input line 5700.
Package hyperref Info: Link nesting OFF on input line 5705.
Package hyperref Info: Hyper index ON on input line 5708.
Package hyperref Info: backreferencing OFF on input line 5715.
Package hyperref Info: Link coloring OFF on input line 5720.
Package hyperref Info: Link coloring with OCG OFF on input line 5725.
Package hyperref Info: PDF/A mode OFF on input line 5730.
LaTeX Info: Redefining \ref on input line 5770.
LaTeX Info: Redefining \pageref on input line 5774.
(d:/Programs/mtex/texinput/oberdiek/atbegshi.sty
Package: atbegshi 2010/03/25 v1.12 At begin shipout hook (HO)
)
\Hy@abspage=\count117
\c@Item=\count118
\c@Hfootnote=\count119
)

Package hyperref Message: Driver: hpdftex.

(d:/Programs/mtex/texinput/hyperref/hpdftex.def
File: hpdftex.def 2011/02/07 v6.82b Hyperref driver for pdfTeX
(d:/Programs/mtex/texinput/oberdiek/atveryend.sty
Package: atveryend 2010/03/24 v1.5 Hooks at very end of document (HO)
Package atveryend Info: \enddocument detected (standard).
)
\Fld@listcount=\count120
\c@bookmark@seq@number=\count121
(d:/Programs/mtex/texinput/oberdiek/rerunfilecheck.sty
Package: rerunfilecheck 2010/03/16 v1.6 Rerun checks for auxiliary files (HO)
(d:/Programs/mtex/texinput/oberdiek/uniquecounter.sty
Package: uniquecounter 2009/12/18 v1.1 Provides unlimited unique counter (HO)
)
Package uniquecounter Info: New unique counter `rerunfilecheck' on input line 2
38.
)
\Hy@SectionHShift=\skip63
)
Package hyperref Info: Option `CJKbookmarks' set `true' on input line 97.
Package hyperref Info: Option `bookmarksnumbered' set `true' on input line 97.
Package hyperref Info: Option `colorlinks' set `true' on input line 97.
Package hyperref Info: Option `plainpages' set `false' on input line 97.
) (./BITthesis.cfg
File: CASthesis.cfg 2011/04/06 v0.2 CASthesis configuration file
\c@algo=\count122
\c@thm=\count123
\c@defn=\count124
\c@conj=\count125
\c@exmp=\count126
\c@rem=\count127
\c@case=\count128
) (./template.aux (./chapter/abstract.aux) (./chapter/chap-intro.aux) (./chapte
r/chap-math.aux) (./chapter/chap-tabfig.aux) (./chapter/chap-faq.aux) (./chapte
r/chap-req.aux) (./chapter/pub.aux) (./chapter/resume.aux) (./chapter/thanks.au
x))
\openout1 = `template.aux'.

LaTeX Font Info:    Checking defaults for OML/cmm/m/it on input line 30.
LaTeX Font Info:    ... okay on input line 30.
LaTeX Font Info:    Checking defaults for T1/cmr/m/n on input line 30.
LaTeX Font Info:    ... okay on input line 30.
LaTeX Font Info:    Checking defaults for OT1/cmr/m/n on input line 30.
LaTeX Font Info:    ... okay on input line 30.
LaTeX Font Info:    Checking defaults for OMS/cmsy/m/n on input line 30.
LaTeX Font Info:    ... okay on input line 30.
LaTeX Font Info:    Checking defaults for OMX/cmex/m/n on input line 30.
LaTeX Font Info:    ... okay on input line 30.
LaTeX Font Info:    Checking defaults for U/cmr/m/n on input line 30.
LaTeX Font Info:    ... okay on input line 30.
LaTeX Font Info:    Checking defaults for TS1/cmr/m/n on input line 30.
LaTeX Font Info:    ... okay on input line 30.
LaTeX Font Info:    Checking defaults for C00/song/m/n on input line 30.
LaTeX Font Info:    ... okay on input line 30.
LaTeX Font Info:    Checking defaults for C05/song/m/n on input line 30.
LaTeX Font Info:    ... okay on input line 30.
LaTeX Font Info:    Checking defaults for C09/song/m/n on input line 30.
LaTeX Font Info:    ... okay on input line 30.
LaTeX Font Info:    Checking defaults for C10/song/m/n on input line 30.
LaTeX Font Info:    ... okay on input line 30.
LaTeX Font Info:    Checking defaults for C20/song/m/n on input line 30.
LaTeX Font Info:    ... okay on input line 30.
LaTeX Font Info:    Checking defaults for C19/song/m/n on input line 30.
LaTeX Font Info:    ... okay on input line 30.
LaTeX Font Info:    Checking defaults for C40/song/m/n on input line 30.
LaTeX Font Info:    ... okay on input line 30.
LaTeX Font Info:    Checking defaults for C42/song/m/n on input line 30.
LaTeX Font Info:    ... okay on input line 30.
LaTeX Font Info:    Checking defaults for C43/song/m/n on input line 30.
LaTeX Font Info:    ... okay on input line 30.
LaTeX Font Info:    Checking defaults for C50/song/m/n on input line 30.
LaTeX Font Info:    ... okay on input line 30.
LaTeX Font Info:    Checking defaults for C52/song/m/n on input line 30.
LaTeX Font Info:    ... okay on input line 30.
LaTeX Font Info:    Checking defaults for C49/song/m/n on input line 30.
LaTeX Font Info:    ... okay on input line 30.
LaTeX Font Info:    Checking defaults for C60/mj/m/n on input line 30.
LaTeX Font Info:    ... okay on input line 30.
LaTeX Font Info:    Checking defaults for C61/mj/m/n on input line 30.
LaTeX Font Info:    ... okay on input line 30.
LaTeX Font Info:    Checking defaults for C63/mj/m/n on input line 30.
LaTeX Font Info:    ... okay on input line 30.
LaTeX Font Info:    Checking defaults for C64/mj/m/n on input line 30.
LaTeX Font Info:    ... okay on input line 30.
LaTeX Font Info:    Checking defaults for C65/mj/m/n on input line 30.
LaTeX Font Info:    ... okay on input line 30.
LaTeX Font Info:    Checking defaults for C70/song/m/n on input line 30.
LaTeX Font Info:    ... okay on input line 30.
LaTeX Font Info:    Checking defaults for C31/song/m/n on input line 30.
LaTeX Font Info:    ... okay on input line 30.
LaTeX Font Info:    Checking defaults for C32/song/m/n on input line 30.
LaTeX Font Info:    ... okay on input line 30.
LaTeX Font Info:    Checking defaults for C33/song/m/n on input line 30.
LaTeX Font Info:    ... okay on input line 30.
LaTeX Font Info:    Checking defaults for C34/song/m/n on input line 30.
LaTeX Font Info:    ... okay on input line 30.
LaTeX Font Info:    Checking defaults for C35/song/m/n on input line 30.
LaTeX Font Info:    ... okay on input line 30.
LaTeX Font Info:    Checking defaults for C36/song/m/n on input line 30.
LaTeX Font Info:    ... okay on input line 30.
LaTeX Font Info:    Checking defaults for C37/song/m/n on input line 30.
LaTeX Font Info:    ... okay on input line 30.
LaTeX Font Info:    Checking defaults for C80/song/m/n on input line 30.
LaTeX Font Info:    ... okay on input line 30.
LaTeX Font Info:    Checking defaults for C81/song/m/n on input line 30.
LaTeX Font Info:    ... okay on input line 30.
LaTeX Font Info:    Checking defaults for C01/song/m/n on input line 30.
LaTeX Font Info:    ... okay on input line 30.
LaTeX Font Info:    Checking defaults for C11/song/m/n on input line 30.
LaTeX Font Info:    ... okay on input line 30.
LaTeX Font Info:    Checking defaults for C21/song/m/n on input line 30.
LaTeX Font Info:    ... okay on input line 30.
LaTeX Font Info:    Checking defaults for C41/song/m/n on input line 30.
LaTeX Font Info:    ... okay on input line 30.
LaTeX Font Info:    Checking defaults for C62/song/m/n on input line 30.
LaTeX Font Info:    ... okay on input line 30.
LaTeX Font Info:    Checking defaults for PD1/pdf/m/n on input line 30.
LaTeX Font Info:    ... okay on input line 30.
(d:/Programs/mtex/texinput/graphics/supp-pdf.tex
[Loading MPS to PDF converter (version 2006.09.02).]
\scratchcounter=\count129
\scratchdimen=\dimen122
\scratchbox=\box34
\nofMPsegments=\count130
\nofMParguments=\count131
\everyMPshowfont=\toks27
\MPscratchCnt=\count132
\MPscratchDim=\dimen123
\MPnumerator=\count133
\everyMPtoPDFconversion=\toks28
)
\AtBeginShipoutBox=\box35
(d:/Programs/mtex/texinput/graphics/color.sty
Package: color 2005/11/14 v1.0j Standard LaTeX Color (DPC)
(d:/Programs/mtex/texinput/00mtex/color.cfg
File: color.cfg 2007/01/18 v1.5 color configuration of teTeX/TeXLive
)
Package color Info: Driver file: pdftex.def on input line 112.
)
Package hyperref Info: Link coloring ON on input line 30.
(d:/Programs/mtex/texinput/hyperref/nameref.sty
Package: nameref 2010/04/30 v2.40 Cross-referencing by name of section
(d:/Programs/mtex/texinput/oberdiek/refcount.sty
Package: refcount 2008/08/11 v3.1 Data extraction from references (HO)
) (d:/Programs/mtex/texinput/oberdiek/gettitlestring.sty
Package: gettitlestring 2009/12/18 v1.3 Cleanup title references (HO)
)
\c@section@level=\count134
)
LaTeX Info: Redefining \ref on input line 30.
LaTeX Info: Redefining \pageref on input line 30.
LaTeX Info: Redefining \nameref on input line 30.
(./template.out) (./template.out)
\@outlinefile=\write3
\openout3 = `template.out'.

(d:/Programs/mtex/texinput/cjk/standard.bdg
File: standard.bdg 2008/08/10 4.8.1
) (d:/Programs/mtex/texinput/cjk/extended.enc
File: extended.enc 2008/08/10 4.8.1
) (d:/Programs/mtex/texinput/cjk/extended.chr
File: extended.chr 2008/08/10 4.8.1
)
LaTeX Font Info:    Try loading font information for C19+zhsong on input line 6
6.
(d:/Programs/mtex/texinput/zhmetrics/c19zhsong.fd
File: c19zhsong.fd 2009/09/23 4.8.2
)
LaTeX Font Info:    Try loading font information for C19+zhhei on input line 66
.
(d:/Programs/mtex/texinput/zhmetrics/c19zhhei.fd
File: c19zhhei.fd 2009/09/23 4.8.2
)
LaTeX Font Info:    Try loading font information for U+msa on input line 66.
(d:/Programs/mtex/texinput/amsfonts/umsa.fd
File: umsa.fd 2009/06/22 v3.00 AMS symbols A
)
LaTeX Font Info:    Try loading font information for U+msb on input line 66.
(d:/Programs/mtex/texinput/amsfonts/umsb.fd
File: umsb.fd 2009/06/22 v3.00 AMS symbols B
)
LaTeX Font Info:    Try loading font information for C19+zhkai on input line 66
.
(d:/Programs/mtex/texinput/zhmetrics/c19zhkai.fd
File: c19zhkai.fd 2009/09/23 4.8.2
)
LaTeX Font Info:    Font shape `U/lasy/b/n' in size <7.53> not available
(Font)              Font shape `U/lasy/m/n' tried instead on input line 66.
LaTeX Font Info:    Try loading font information for C19+zhfs on input line 66.

(d:/Programs/mtex/texinput/zhmetrics/c19zhfs.fd
File: c19zhfs.fd 2009/09/23 4.8.2
) [1


]
LaTeX Font Info:    Font shape `U/lasy/b/n' in size <9.03> not available
(Font)              Font shape `U/lasy/m/n' tried instead on input line 66.
LaTeX Font Info:    Font shape `U/lasy/b/n' in size <6> not available
(Font)              Font shape `U/lasy/m/n' tried instead on input line 66.
LaTeX Font Info:    Font shape `U/lasy/b/n' in size <5> not available
(Font)              Font shape `U/lasy/m/n' tried instead on input line 66.
[2

] [3


] [4


]
\openout2 = `chapter/abstract.aux'.

(./chapter/abstract.tex

Package hyperref Warning: Token not allowed in a PDF string (PDFDocEncoding):
(hyperref)                \hskip 12.05pt
(hyperref)                replaced by space on input line 2.


Package hyperref Warning: Token not allowed in a PDF string (PDFDocEncoding):
(hyperref)                \hskip 12.05pt
(hyperref)                replaced by space on input line 2.

LaTeX Font Info:    Try loading font information for C19+rm on input line 3.
(d:/Programs/mtex/texinput/ctex/c19rm.fd
File: c19rm.fd 2007/05/06 v0.8a ctex font definition file
)
LaTeX Font Info:    Font shape `U/lasy/b/n' in size <8> not available
(Font)              Font shape `U/lasy/m/n' tried instead on input line 3.
Package CJKpunct Info: punctuation spaces for family 'zhsong' do not exist. Use
 family 'def' instead. on input line 3.
Package CJKpunct Info: punctuation spaces for family 'zhhei' do not exist. Use 
family 'def' instead. on input line 6.
[1



] [2

]) [3] [4


]

Package hyperref Warning: Token not allowed in a PDF string (PDFDocEncoding):
(hyperref)                \hskip 12.05pt
(hyperref)                replaced by space on input line 81.


Package hyperref Warning: Token not allowed in a PDF string (PDFDocEncoding):
(hyperref)                \hskip 12.05pt
(hyperref)                replaced by space on input line 81.

(./template.toc [5])
\tf@toc=\write4
\openout4 = `template.toc'.

LaTeX Font Info:    Font shape `U/lasy/b/n' in size <7> not available
(Font)              Font shape `U/lasy/m/n' tried instead on input line 91.
[6]
\openout2 = `chapter/chap-intro.aux'.

(./chapter/chap-intro.tex
µ⁄“ª’¬

Overfull \hbox (1.19145pt too wide) in paragraph at lines 30--32
[][]\OT1/cmtt/m/n/12.05 CASthesis \C19/rm/m/n/12.05/43 ˜ \C19/rm/m/n/12.05/36 ù
 \C19/rm/m/n/12.05/40 ^^[ \C19/rm/m/n/12.05/65 Å \C19/rm/m/n/12.05/60 # \C19/rm
/m/n/12.05/36 á \C19/rm/m/n/12.05/37 ^^] \C19/rm/m/n/12.05/47 å \C19/rm/m/n/12.
05/61 ± \C19/rm/m/n/12.05/39 l [][]$\OT1/cmtt/m/n/12.05 http : / / www . ctex .
 org$[][] \C19/rm/m/n/12.05/58 ^^_ \C19/rm/m/n/12.05/63 ’ \C19/rm/m/n/12.05/59 
e \C19/rm/m/n/12.05/63 1|\C19/rm/m/n/12.05/25 "| \OT1/cmr/m/n/12.05 CT[]X
 []

pdfTeX warning (ext4): destination with the same identifier (name{page.1}) has 
been already used, duplicate ignored
<to be read again> 
                   \relax 
l.40 
      [1



])pdfTeX warning (ext4): destination with the same identifier (name{page.2}) ha
s been already used, duplicate ignored
<to be read again> 
                   \relax 
l.93   \include{chapter/chap-intro}
                                    [2]
\openout2 = `chapter/chap-math.aux'.

(./chapter/chap-math.tex
µ⁄∂˛’¬
)pdfTeX warning (ext4): destination with the same identifier (name{page.3}) has
 been already used, duplicate ignored
<to be read again> 
                   \relax 
l.94   \include{chapter/chap-math}
                                   [3



]
\openout2 = `chapter/chap-tabfig.aux'.

(./chapter/chap-tabfig.texpdfTeX warning (ext4): destination with the same iden
tifier (name{page.4}) has been already used, duplicate ignored
<to be read again> 
                   \relax 
l.2 \chapter
            {±Ì∏ÒÕº–Œ} [4



]
µ⁄»˝’¬


pdfTeX warning: pdftex.exe (file ./figures/amss.pdf): PDF inclusion: found PDF 
version <1.5>, but at most version <1.4> allowed
<figures/amss.pdf, id=331, 1015.795pt x 1015.795pt>
File: figures/amss.pdf Graphic file (type pdf)
<use figures/amss.pdf>
File: figures/amss.pdf Graphic file (type pdf)
<use figures/amss.pdf>
File: figures/amss.pdf Graphic file (type pdf)
<use figures/amss.pdf> [5 <./figures/amss.pdf>]
Underfull \vbox (badness 10000) has occurred while \output is active []

[6]
File: figures/amss.pdf Graphic file (type pdf)
<use figures/amss.pdf>) [7] [8]
\openout2 = `chapter/chap-faq.aux'.

(./chapter/chap-faq.tex
µ⁄Àƒ’¬
\c@FAQ=\count135
\c@ANS=\count136
LaTeX Font Info:    Try loading font information for C19+tt on input line 33.
(d:/Programs/mtex/texinput/ctex/c19tt.fd
File: c19tt.fd 2007/05/06 v0.8a ctex font definition file
)
Package CJKpunct Info: punctuation spaces for family 'zhfs' do not exist. Use f
amily 'def' instead. on input line 33.
) [9



]
\openout2 = `chapter/chap-req.aux'.

(./chapter/chap-req.tex [10



]
∏Ω¬º\hspace {0.25em plus 0.125em minus 0.08em}\ignorespaces A
Missing character: There is no õ in font gbksong26!
[11] [12] [13] [14]) [15] [16


] (./template.bbl) [17

]
\openout2 = `chapter/pub.aux'.

(./chapter/pub.tex [18


]) [19]
\openout2 = `chapter/resume.aux'.

(./chapter/resume.tex [20



]

Package hyperref Warning: Token not allowed in a PDF string (PDFDocEncoding):
(hyperref)                \hskip 12.05pt
(hyperref)                replaced by space on input line 2.


Package hyperref Warning: Token not allowed in a PDF string (PDFDocEncoding):
(hyperref)                \hskip 12.05pt
(hyperref)                replaced by space on input line 2.

) [21]
\openout2 = `chapter/thanks.aux'.

(./chapter/thanks.tex [22



]

Package hyperref Warning: Token not allowed in a PDF string (PDFDocEncoding):
(hyperref)                \hskip 12.05pt
(hyperref)                replaced by space on input line 2.


Package hyperref Warning: Token not allowed in a PDF string (PDFDocEncoding):
(hyperref)                \hskip 12.05pt
(hyperref)                replaced by space on input line 2.

) [23]
Package atveryend Info: Empty hook `BeforeClearDocument' on input line 126.
Package atveryend Info: Empty hook `AfterLastShipout' on input line 126.
(./template.aux (./chapter/abstract.aux) (./chapter/chap-intro.aux) (./chapter/
chap-math.aux) (./chapter/chap-tabfig.aux) (./chapter/chap-faq.aux) (./chapter/
chap-req.aux) (./chapter/pub.aux) (./chapter/resume.aux) (./chapter/thanks.aux)
)
Package atveryend Info: Executing hook `AtVeryEndDocument' on input line 126.

Package rerunfilecheck Warning: File `template.out' has changed.
(rerunfilecheck)                Rerun to get outlines right
(rerunfilecheck)                or use package `bookmark'.

Package rerunfilecheck Info: Checksums for `template.out':
(rerunfilecheck)             Before: D28FD52DC5A5DE0DF081107996ECD78C;4112
(rerunfilecheck)             After:  7E496A11EFC60356543C09E7A1EBFB42;1970.
 ) 
Here is how much of TeX's memory you used:
 10951 strings out of 495036
 169039 string characters out of 1183116
 1204057 words of memory out of 4157987
 13612 multiletter control sequences out of 15000+50000
 104916 words of font info for 377 fonts, out of 3000000 for 5000
 14 hyphenation exceptions out of 8191
 47i,15n,51p,312b,938s stack positions out of 5000i,500n,10000p,200000b,50000s
<c:/Windows/fonts/simkai.ttf><c:/Windows/fonts/simkai.ttf><c:/Windows/fonts/s
imkai.ttf><c:/Windows/fonts/simkai.ttf><c:/Windows/fonts/simkai.ttf><c:/Windows
/fonts/simkai.ttf><c:/Windows/fonts/simkai.ttf><c:/Windows/fonts/simkai.ttf><c:
/Windows/fonts/simkai.ttf><c:/Windows/fonts/simkai.ttf><c:/Windows/fonts/simkai
.ttf><c:/Windows/fonts/simkai.ttf><c:/Windows/fonts/simkai.ttf><c:/Windows/font
s/simsun.ttc><c:/Windows/fonts/simhei.ttf><c:/Windows/fonts/simhei.ttf><c:/Wind
ows/fonts/simhei.ttf><c:/Windows/fonts/simsun.ttc><c:/Windows/fonts/simhei.ttf>
<c:/Windows/fonts/simfang.ttf><c:/Windows/fonts/simfang.ttf><c:/Windows/fonts/s
imfang.ttf><c:/Windows/fonts/simfang.ttf><c:/Windows/fonts/simfang.ttf><c:/Wind
ows/fonts/simhei.ttf><c:/Windows/fonts/simsun.ttc><c:/Windows/fonts/simsun.ttc>
<c:/Windows/fonts/simsun.ttc><c:/Windows/fonts/simhei.ttf><c:/Windows/fonts/sim
hei.ttf><c:/Windows/fonts/simsun.ttc><c:/Windows/fonts/simhei.ttf><c:/Windows/f
onts/simhei.ttf><c:/Windows/fonts/simhei.ttf><c:/Windows/fonts/simhei.ttf><c:/W
indows/fonts/simhei.ttf><c:/Windows/fonts/simhei.ttf><c:/Windows/fonts/simhei.t
tf><c:/Windows/fonts/simhei.ttf><c:/Windows/fonts/simhei.ttf><c:/Windows/fonts/
simhei.ttf><c:/Windows/fonts/simhei.ttf><c:/Windows/fonts/simsun.ttc><c:/Window
s/fonts/simsun.ttc><c:/Windows/fonts/simsun.ttc><c:/Windows/fonts/simhei.ttf><c
:/Windows/fonts/simhei.ttf><c:/Windows/fonts/simhei.ttf><c:/Windows/fonts/simhe
i.ttf><c:/Windows/fonts/simsun.ttc><c:/Windows/fonts/simsun.ttc><c:/Windows/fon
ts/simsun.ttc><c:/Windows/fonts/simsun.ttc><c:/Windows/fonts/simsun.ttc><c:/Win
dows/fonts/simsun.ttc><c:/Windows/fonts/simsun.ttc><c:/Windows/fonts/simsun.ttc
><c:/Windows/fonts/simsun.ttc><c:/Windows/fonts/simsun.ttc><c:/Windows/fonts/si
msun.ttc><c:/Windows/fonts/simhei.ttf><c:/Windows/fonts/simfang.ttf><c:/Windows
/fonts/simfang.ttf><c:/Windows/fonts/simfang.ttf><c:/Windows/fonts/simfang.ttf>
<c:/Windows/fonts/simfang.ttf><c:/Windows/fonts/simfang.ttf><c:/Windows/fonts/s
imfang.ttf><c:/Windows/fonts/simfang.ttf><c:/Windows/fonts/simfang.ttf><c:/Wind
ows/fonts/simfang.ttf><c:/Windows/fonts/simfang.ttf><c:/Windows/fonts/simfang.t
tf><c:/Windows/fonts/simfang.ttf><c:/Windows/fonts/simfang.ttf><c:/Windows/font
s/simfang.ttf><c:/Windows/fonts/simfang.ttf><c:/Windows/fonts/simfang.ttf><c:/W
indows/fonts/simfang.ttf><c:/Windows/fonts/simfang.ttf><c:/Windows/fonts/simfan
g.ttf><c:/Windows/fonts/simfang.ttf><c:/Windows/fonts/simfang.ttf><c:/Windows/f
onts/simfang.ttf><c:/Windows/fonts/simfang.ttf><c:/Windows/fonts/simfang.ttf><c
:/Windows/fonts/simfang.ttf><c:/Windows/fonts/simkai.ttf><c:/Windows/fonts/simk
ai.ttf><c:/Windows/fonts/simkai.ttf><c:/Windows/fonts/simhei.ttf><c:/Windows/fo
nts/simhei.ttf><c:/Windows/fonts/simhei.ttf><c:/Windows/fonts/simhei.ttf><c:/Wi
ndows/fonts/simhei.ttf><c:/Windows/fonts/simhei.ttf><c:/Windows/fonts/simhei.tt
f><c:/Windows/fonts/simhei.ttf><c:/Windows/fonts/simhei.ttf><c:/Windows/fonts/s
imsun.ttc><c:/Windows/fonts/simsun.ttc><c:/Windows/fonts/simsun.ttc><c:/Windows
/fonts/simsun.ttc><c:/Windows/fonts/simsun.ttc><c:/Windows/fonts/simsun.ttc><c:
/Windows/fonts/simsun.ttc><c:/Windows/fonts/simsun.ttc><c:/Windows/fonts/simsun
.ttc><c:/Windows/fonts/simsun.ttc><c:/Windows/fonts/simsun.ttc><c:/Windows/font
s/simsun.ttc><c:/Windows/fonts/simsun.ttc><c:/Windows/fonts/simsun.ttc><d:/Prog
rams/mtex/fonts/pfb/cm/cmbx12.pfb><d:/Programs/mtex/fonts/pfb/cm/cmmi12.pfb><d:
/Programs/mtex/fonts/pfb/cm/cmmi9.pfb><d:/Programs/mtex/fonts/pfb/cm/cmr10.pfb>
<d:/Programs/mtex/fonts/pfb/cm/cmr12.pfb><d:/Programs/mtex/fonts/pfb/cm/cmr6.pf
b><d:/Programs/mtex/fonts/pfb/cm/cmr7.pfb><d:/Programs/mtex/fonts/pfb/cm/cmr8.p
fb><d:/Programs/mtex/fonts/pfb/cm/cmr9.pfb><d:/Programs/mtex/fonts/pfb/cm/cmss1
7.pfb><d:/Programs/mtex/fonts/pfb/cm/cmsy10.pfb><d:/Programs/mtex/fonts/pfb/cm/
cmti12.pfb><d:/Programs/mtex/fonts/pfb/cm/cmti8.pfb><d:/Programs/mtex/fonts/pfb
/cm/cmtt12.pfb><d:/Programs/mtex/fonts/pfb/cm/cmtt9.pfb>
Output written on template.pdf (33 pages, 666487 bytes).
PDF statistics:
 881 PDF objects out of 1000 (max. 8388607)
 96 named destinations out of 1000 (max. 500000)
 270 words of extra memory for PDF output out of 10000 (max. 10000000)

